2012/07/08 00:11:33 [error] [exception.CHttpException.404] exception 'CHttpException' with message 'Unable to resolve the request "gii".' in /home/u337133/lubimii.e-produce.ru/yii-1.1.10.r3566/framework/web/CWebApplication.php:280
Stack trace:
#0 /home/u337133/lubimii.e-produce.ru/yii-1.1.10.r3566/framework/web/CWebApplication.php(135): CWebApplication->runController('gii')
#1 /home/u337133/lubimii.e-produce.ru/yii-1.1.10.r3566/framework/base/CApplication.php(162): CWebApplication->processRequest()
#2 /home/u337133/lubimii.e-produce.ru/www/index.php(13): CApplication->run()
#3 {main}
REQUEST_URI=/index.php?r=gii
---
2012/07/08 00:11:56 [error] [exception.CHttpException.404] exception 'CHttpException' with message 'Unable to resolve the request "gii".' in /home/u337133/lubimii.e-produce.ru/yii-1.1.10.r3566/framework/web/CWebApplication.php:280
Stack trace:
#0 /home/u337133/lubimii.e-produce.ru/yii-1.1.10.r3566/framework/web/CWebApplication.php(135): CWebApplication->runController('gii')
#1 /home/u337133/lubimii.e-produce.ru/yii-1.1.10.r3566/framework/base/CApplication.php(162): CWebApplication->processRequest()
#2 /home/u337133/lubimii.e-produce.ru/www/index.php(13): CApplication->run()
#3 {main}
REQUEST_URI=/index.php?r=gii
---
2012/07/08 00:12:15 [error] [exception.CHttpException.404] exception 'CHttpException' with message 'Unable to resolve the request "gii".' in /home/u337133/lubimii.e-produce.ru/yii-1.1.10.r3566/framework/web/CWebApplication.php:280
Stack trace:
#0 /home/u337133/lubimii.e-produce.ru/yii-1.1.10.r3566/framework/web/CWebApplication.php(135): CWebApplication->runController('gii')
#1 /home/u337133/lubimii.e-produce.ru/yii-1.1.10.r3566/framework/base/CApplication.php(162): CWebApplication->processRequest()
#2 /home/u337133/lubimii.e-produce.ru/www/index.php(13): CApplication->run()
#3 {main}
REQUEST_URI=/index.php?r=gii
---
